This file contains any messages produced by compilers while
running configure, to aid debugging if configure makes a mistake.

It was created by Pcap configure 0.4.5.1, which was
generated by GNU Autoconf 2.68.  Invocation command line was

  $ //run/media/saksham/Documents/Haskell/Project/PacketSniffer/pcap-0.4.5.2/configure --with-compiler=ghc --bindir=/run/media/saksham/Documents/Haskell/Project/PacketSniffer/pcap-0.4.5.2/.stack-work/install/x86_64-linux-tinfo6/6c803ed9cbfb426f3944f37ee56d6d435aacf686604d476b9e8d0595d4bdfbb2/8.8.4/bin --libdir=/run/media/saksham/Documents/Haskell/Project/PacketSniffer/pcap-0.4.5.2/.stack-work/install/x86_64-linux-tinfo6/6c803ed9cbfb426f3944f37ee56d6d435aacf686604d476b9e8d0595d4bdfbb2/8.8.4/lib --libexecdir=/run/media/saksham/Documents/Haskell/Project/PacketSniffer/pcap-0.4.5.2/.stack-work/install/x86_64-linux-tinfo6/6c803ed9cbfb426f3944f37ee56d6d435aacf686604d476b9e8d0595d4bdfbb2/8.8.4/libexec --datadir=/run/media/saksham/Documents/Haskell/Project/PacketSniffer/pcap-0.4.5.2/.stack-work/install/x86_64-linux-tinfo6/6c803ed9cbfb426f3944f37ee56d6d435aacf686604d476b9e8d0595d4bdfbb2/8.8.4/share --sysconfdir=/run/media/saksham/Documents/Haskell/Project/PacketSniffer/pcap-0.4.5.2/.stack-work/install/x86_64-linux-tinfo6/6c803ed9cbfb426f3944f37ee56d6d435aacf686604d476b9e8d0595d4bdfbb2/8.8.4/etc CC=/usr/bin/gcc

## --------- ##
## Platform. ##
## --------- ##

hostname = saksham
uname -m = x86_64
uname -r = 5.8.18-1-MANJARO
uname -s = Linux
uname -v = #1 SMP PREEMPT Sun Nov 1 14:10:04 UTC 2020

/usr/bin/uname -p = unknown
/bin/uname -X     = unknown

/bin/arch              = unknown
/usr/bin/arch -k       = unknown
/usr/convex/getsysinfo = unknown
/usr/bin/hostinfo      = unknown
/bin/machine           = unknown
/usr/bin/oslevel       = unknown
/bin/universe          = unknown

PATH: /run/media/saksham/Documents/Haskell/Project/PacketSniffer/pcap-0.4.5.2/.stack-work/install/x86_64-linux-tinfo6/6c803ed9cbfb426f3944f37ee56d6d435aacf686604d476b9e8d0595d4bdfbb2/8.8.4/bin
PATH: /home/saksham/.stack/snapshots/x86_64-linux-tinfo6/6c803ed9cbfb426f3944f37ee56d6d435aacf686604d476b9e8d0595d4bdfbb2/8.8.4/bin
PATH: /home/saksham/.stack/compiler-tools/x86_64-linux-tinfo6/ghc-8.8.4/bin
PATH: /home/saksham/.stack/programs/x86_64-linux/ghc-tinfo6-8.8.4/bin
PATH: /home/saksham/.local/bin
PATH: /usr/local/sbin
PATH: /usr/local/bin
PATH: /usr/bin
PATH: /usr/lib/jvm/default/bin
PATH: /usr/bin/site_perl
PATH: /usr/bin/vendor_perl
PATH: /usr/bin/core_perl
PATH: /var/lib/snapd/snap/bin


## ----------- ##
## Core tests. ##
## ----------- ##

configure:1984: checking for gcc
configure:2011: result: /usr/bin/gcc
configure:2240: checking for C compiler version
configure:2249: /usr/bin/gcc --version >&5
gcc (GCC) 10.2.0
Copyright (C) 2020 Free Software Foundation, Inc.
This is free software; see the source for copying conditions.  There is NO
warranty; not even for MERCHANTABILITY or FITNESS FOR A PARTICULAR PURPOSE.

configure:2260: $? = 0
configure:2249: /usr/bin/gcc -v >&5
Using built-in specs.
COLLECT_GCC=/usr/bin/gcc
COLLECT_LTO_WRAPPER=/usr/lib/gcc/x86_64-pc-linux-gnu/10.2.0/lto-wrapper
Target: x86_64-pc-linux-gnu
Configured with: /build/gcc/src/gcc/configure --prefix=/usr --libdir=/usr/lib --libexecdir=/usr/lib --mandir=/usr/share/man --infodir=/usr/share/info --with-bugurl=https://bugs.archlinux.org/ --enable-languages=c,c++,ada,fortran,go,lto,objc,obj-c++,d --with-isl --with-linker-hash-style=gnu --with-system-zlib --enable-__cxa_atexit --enable-cet=auto --enable-checking=release --enable-clocale=gnu --enable-default-pie --enable-default-ssp --enable-gnu-indirect-function --enable-gnu-unique-object --enable-install-libiberty --enable-linker-build-id --enable-lto --enable-multilib --enable-plugin --enable-shared --enable-threads=posix --disable-libssp --disable-libstdcxx-pch --disable-libunwind-exceptions --disable-werror gdc_include_dir=/usr/include/dlang/gdc
Thread model: posix
Supported LTO compression algorithms: zlib zstd
gcc version 10.2.0 (GCC) 
configure:2260: $? = 0
configure:2249: /usr/bin/gcc -V >&5
gcc: error: unrecognized command-line option '-V'
gcc: fatal error: no input files
compilation terminated.
configure:2260: $? = 1
configure:2249: /usr/bin/gcc -qversion >&5
gcc: error: unrecognized command-line option '-qversion'; did you mean '--version'?
gcc: fatal error: no input files
compilation terminated.
configure:2260: $? = 1
configure:2280: checking whether the C compiler works
configure:2302: /usr/bin/gcc -fuse-ld=gold   conftest.c  >&5
configure:2306: $? = 0
configure:2354: result: yes
configure:2357: checking for C compiler default output file name
configure:2359: result: a.out
configure:2365: checking for suffix of executables
configure:2372: /usr/bin/gcc -o conftest -fuse-ld=gold   conftest.c  >&5
configure:2376: $? = 0
configure:2398: result: 
configure:2420: checking whether we are cross compiling
configure:2428: /usr/bin/gcc -o conftest -fuse-ld=gold   conftest.c  >&5
configure:2432: $? = 0
configure:2439: ./conftest
configure:2443: $? = 0
configure:2431: result: no
configure:2436: checking for suffix of object files
configure:2458: /usr/bin/gcc -c -fuse-ld=gold  conftest.c >&5
configure:2462: $? = 0
configure:2483: result: o
configure:2487: checking whether we are using the GNU C compiler
configure:2506: /usr/bin/gcc -c -fuse-ld=gold  conftest.c >&5
configure:2506: $? = 0
configure:2515: result: yes
configure:2524: checking whether /usr/bin/gcc accepts -g
configure:2544: /usr/bin/gcc -c -g  conftest.c >&5
configure:2544: $? = 0
configure:2585: result: yes
configure:2602: checking for /usr/bin/gcc option to accept ISO C89
configure:2666: /usr/bin/gcc  -c -fuse-ld=gold  conftest.c >&5
configure:2666: $? = 0
configure:2679: result: none needed
configure:2705: checking how to run the C preprocessor
configure:2736: /usr/bin/gcc -E  conftest.c
configure:2736: $? = 0
configure:2750: /usr/bin/gcc -E  conftest.c
conftest.c:9:10: fatal error: ac_nonexistent.h: No such file or directory
    9 | #include <ac_nonexistent.h>
      |          ^~~~~~~~~~~~~~~~~~
compilation terminated.
configure:2750: $? = 1
configure: failed program was:
| /* confdefs.h */
| #define PACKAGE_NAME "Pcap"
| #define PACKAGE_TARNAME "pcap"
| #define PACKAGE_VERSION "0.4.5.1"
| #define PACKAGE_STRING "Pcap 0.4.5.1"
| #define PACKAGE_BUGREPORT "bos@serpentine.com"
| #define PACKAGE_URL ""
| /* end confdefs.h.  */
| #include <ac_nonexistent.h>
configure:2775: result: /usr/bin/gcc -E
configure:2795: /usr/bin/gcc -E  conftest.c
configure:2795: $? = 0
configure:2809: /usr/bin/gcc -E  conftest.c
conftest.c:9:10: fatal error: ac_nonexistent.h: No such file or directory
    9 | #include <ac_nonexistent.h>
      |          ^~~~~~~~~~~~~~~~~~
compilation terminated.
configure:2809: $? = 1
configure: failed program was:
| /* confdefs.h */
| #define PACKAGE_NAME "Pcap"
| #define PACKAGE_TARNAME "pcap"
| #define PACKAGE_VERSION "0.4.5.1"
| #define PACKAGE_STRING "Pcap 0.4.5.1"
| #define PACKAGE_BUGREPORT "bos@serpentine.com"
| #define PACKAGE_URL ""
| /* end confdefs.h.  */
| #include <ac_nonexistent.h>
configure:2838: checking for grep that handles long lines and -e
configure:2896: result: /usr/bin/grep
configure:2901: checking for egrep
configure:2963: result: /usr/bin/grep -E
configure:2968: checking for ANSI C header files
configure:2988: /usr/bin/gcc -c -fuse-ld=gold  conftest.c >&5
configure:2988: $? = 0
configure:3061: /usr/bin/gcc -o conftest -fuse-ld=gold   conftest.c  >&5
configure:3061: $? = 0
configure:3061: ./conftest
configure:3061: $? = 0
configure:3072: result: yes
configure:3085: checking for sys/types.h
configure:3085: /usr/bin/gcc -c -fuse-ld=gold  conftest.c >&5
configure:3085: $? = 0
configure:3085: result: yes
configure:3085: checking for sys/stat.h
configure:3085: /usr/bin/gcc -c -fuse-ld=gold  conftest.c >&5
configure:3085: $? = 0
configure:3085: result: yes
configure:3085: checking for stdlib.h
configure:3085: /usr/bin/gcc -c -fuse-ld=gold  conftest.c >&5
configure:3085: $? = 0
configure:3085: result: yes
configure:3085: checking for string.h
configure:3085: /usr/bin/gcc -c -fuse-ld=gold  conftest.c >&5
configure:3085: $? = 0
configure:3085: result: yes
configure:3085: checking for memory.h
configure:3085: /usr/bin/gcc -c -fuse-ld=gold  conftest.c >&5
configure:3085: $? = 0
configure:3085: result: yes
configure:3085: checking for strings.h
configure:3085: /usr/bin/gcc -c -fuse-ld=gold  conftest.c >&5
configure:3085: $? = 0
configure:3085: result: yes
configure:3085: checking for inttypes.h
configure:3085: /usr/bin/gcc -c -fuse-ld=gold  conftest.c >&5
configure:3085: $? = 0
configure:3085: result: yes
configure:3085: checking for stdint.h
configure:3085: /usr/bin/gcc -c -fuse-ld=gold  conftest.c >&5
configure:3085: $? = 0
configure:3085: result: yes
configure:3085: checking for unistd.h
configure:3085: /usr/bin/gcc -c -fuse-ld=gold  conftest.c >&5
configure:3085: $? = 0
configure:3085: result: yes
configure:3097: checking for struct sockaddr.sa_len
configure:3097: /usr/bin/gcc -c -fuse-ld=gold  conftest.c >&5
conftest.c: In function 'main':
conftest.c:55:24: error: storage size of 'ac_aggr' isn't known
   55 | static struct sockaddr ac_aggr;
      |                        ^~~~~~~
configure:3097: $? = 1
configure: failed program was:
| /* confdefs.h */
| #define PACKAGE_NAME "Pcap"
| #define PACKAGE_TARNAME "pcap"
| #define PACKAGE_VERSION "0.4.5.1"
| #define PACKAGE_STRING "Pcap 0.4.5.1"
| #define PACKAGE_BUGREPORT "bos@serpentine.com"
| #define PACKAGE_URL ""
| #define STDC_HEADERS 1
| #define HAVE_SYS_TYPES_H 1
| #define HAVE_SYS_STAT_H 1
| #define HAVE_STDLIB_H 1
| #define HAVE_STRING_H 1
| #define HAVE_MEMORY_H 1
| #define HAVE_STRINGS_H 1
| #define HAVE_INTTYPES_H 1
| #define HAVE_STDINT_H 1
| #define HAVE_UNISTD_H 1
| /* end confdefs.h.  */
| #include <stdio.h>
| #ifdef HAVE_SYS_TYPES_H
| # include <sys/types.h>
| #endif
| #ifdef HAVE_SYS_STAT_H
| # include <sys/stat.h>
| #endif
| #ifdef STDC_HEADERS
| # include <stdlib.h>
| # include <stddef.h>
| #else
| # ifdef HAVE_STDLIB_H
| #  include <stdlib.h>
| # endif
| #endif
| #ifdef HAVE_STRING_H
| # if !defined STDC_HEADERS && defined HAVE_MEMORY_H
| #  include <memory.h>
| # endif
| # include <string.h>
| #endif
| #ifdef HAVE_STRINGS_H
| # include <strings.h>
| #endif
| #ifdef HAVE_INTTYPES_H
| # include <inttypes.h>
| #endif
| #ifdef HAVE_STDINT_H
| # include <stdint.h>
| #endif
| #ifdef HAVE_UNISTD_H
| # include <unistd.h>
| #endif
| int
| main ()
| {
| static struct sockaddr ac_aggr;
| if (ac_aggr.sa_len)
| return 0;
|   ;
|   return 0;
| }
configure:3097: /usr/bin/gcc -c -fuse-ld=gold  conftest.c >&5
conftest.c: In function 'main':
conftest.c:55:24: error: storage size of 'ac_aggr' isn't known
   55 | static struct sockaddr ac_aggr;
      |                        ^~~~~~~
configure:3097: $? = 1
configure: failed program was:
| /* confdefs.h */
| #define PACKAGE_NAME "Pcap"
| #define PACKAGE_TARNAME "pcap"
| #define PACKAGE_VERSION "0.4.5.1"
| #define PACKAGE_STRING "Pcap 0.4.5.1"
| #define PACKAGE_BUGREPORT "bos@serpentine.com"
| #define PACKAGE_URL ""
| #define STDC_HEADERS 1
| #define HAVE_SYS_TYPES_H 1
| #define HAVE_SYS_STAT_H 1
| #define HAVE_STDLIB_H 1
| #define HAVE_STRING_H 1
| #define HAVE_MEMORY_H 1
| #define HAVE_STRINGS_H 1
| #define HAVE_INTTYPES_H 1
| #define HAVE_STDINT_H 1
| #define HAVE_UNISTD_H 1
| /* end confdefs.h.  */
| #include <stdio.h>
| #ifdef HAVE_SYS_TYPES_H
| # include <sys/types.h>
| #endif
| #ifdef HAVE_SYS_STAT_H
| # include <sys/stat.h>
| #endif
| #ifdef STDC_HEADERS
| # include <stdlib.h>
| # include <stddef.h>
| #else
| # ifdef HAVE_STDLIB_H
| #  include <stdlib.h>
| # endif
| #endif
| #ifdef HAVE_STRING_H
| # if !defined STDC_HEADERS && defined HAVE_MEMORY_H
| #  include <memory.h>
| # endif
| # include <string.h>
| #endif
| #ifdef HAVE_STRINGS_H
| # include <strings.h>
| #endif
| #ifdef HAVE_INTTYPES_H
| # include <inttypes.h>
| #endif
| #ifdef HAVE_STDINT_H
| # include <stdint.h>
| #endif
| #ifdef HAVE_UNISTD_H
| # include <unistd.h>
| #endif
| int
| main ()
| {
| static struct sockaddr ac_aggr;
| if (sizeof ac_aggr.sa_len)
| return 0;
|   ;
|   return 0;
| }
configure:3097: result: no
configure:3231: creating ./config.status

## ---------------------- ##
## Running config.status. ##
## ---------------------- ##

This file was extended by Pcap config.status 0.4.5.1, which was
generated by GNU Autoconf 2.68.  Invocation command line was

  CONFIG_FILES    = 
  CONFIG_HEADERS  = 
  CONFIG_LINKS    = 
  CONFIG_COMMANDS = 
  $ ./config.status 

on saksham

config.status:812: creating pcap.buildinfo
config.status:812: creating include/pcapconfig.h

## ---------------- ##
## Cache variables. ##
## ---------------- ##

ac_cv_c_compiler_gnu=yes
ac_cv_env_CC_set=set
ac_cv_env_CC_value=/usr/bin/gcc
ac_cv_env_CFLAGS_set=set
ac_cv_env_CFLAGS_value=-fuse-ld=gold
ac_cv_env_CPPFLAGS_set=
ac_cv_env_CPPFLAGS_value=
ac_cv_env_CPP_set=
ac_cv_env_CPP_value=
ac_cv_env_LDFLAGS_set=
ac_cv_env_LDFLAGS_value=
ac_cv_env_LIBS_set=
ac_cv_env_LIBS_value=
ac_cv_env_build_alias_set=
ac_cv_env_build_alias_value=
ac_cv_env_host_alias_set=
ac_cv_env_host_alias_value=
ac_cv_env_target_alias_set=
ac_cv_env_target_alias_value=
ac_cv_header_inttypes_h=yes
ac_cv_header_memory_h=yes
ac_cv_header_stdc=yes
ac_cv_header_stdint_h=yes
ac_cv_header_stdlib_h=yes
ac_cv_header_string_h=yes
ac_cv_header_strings_h=yes
ac_cv_header_sys_stat_h=yes
ac_cv_header_sys_types_h=yes
ac_cv_header_unistd_h=yes
ac_cv_member_struct_sockaddr_sa_len=no
ac_cv_objext=o
ac_cv_path_EGREP='/usr/bin/grep -E'
ac_cv_path_GREP=/usr/bin/grep
ac_cv_prog_CPP='/usr/bin/gcc -E'
ac_cv_prog_ac_ct_CC=/usr/bin/gcc
ac_cv_prog_cc_c89=
ac_cv_prog_cc_g=yes

## ----------------- ##
## Output variables. ##
## ----------------- ##

CALLCONV='ccall'
CC='/usr/bin/gcc'
CFLAGS='-fuse-ld=gold'
CPP='/usr/bin/gcc -E'
CPPFLAGS=''
DEFS='-DHAVE_CONFIG_H'
ECHO_C=''
ECHO_N='-n'
ECHO_T=''
EGREP='/usr/bin/grep -E'
EXEEXT=''
EXTRA_LIBS='pcap'
GREP='/usr/bin/grep'
LDFLAGS=''
LIBOBJS=''
LIBS=''
LTLIBOBJS=''
OBJEXT='o'
PACKAGE_BUGREPORT='bos@serpentine.com'
PACKAGE_NAME='Pcap'
PACKAGE_STRING='Pcap 0.4.5.1'
PACKAGE_TARNAME='pcap'
PACKAGE_URL=''
PACKAGE_VERSION='0.4.5.1'
PATH_SEPARATOR=':'
SHELL='/bin/sh'
ac_ct_CC='/usr/bin/gcc'
bindir='/run/media/saksham/Documents/Haskell/Project/PacketSniffer/pcap-0.4.5.2/.stack-work/install/x86_64-linux-tinfo6/6c803ed9cbfb426f3944f37ee56d6d435aacf686604d476b9e8d0595d4bdfbb2/8.8.4/bin'
build_alias=''
datadir='/run/media/saksham/Documents/Haskell/Project/PacketSniffer/pcap-0.4.5.2/.stack-work/install/x86_64-linux-tinfo6/6c803ed9cbfb426f3944f37ee56d6d435aacf686604d476b9e8d0595d4bdfbb2/8.8.4/share'
datarootdir='${prefix}/share'
docdir='${datarootdir}/doc/${PACKAGE_TARNAME}'
dvidir='${docdir}'
exec_prefix='${prefix}'
host_alias=''
htmldir='${docdir}'
includedir='${prefix}/include'
infodir='${datarootdir}/info'
libdir='/run/media/saksham/Documents/Haskell/Project/PacketSniffer/pcap-0.4.5.2/.stack-work/install/x86_64-linux-tinfo6/6c803ed9cbfb426f3944f37ee56d6d435aacf686604d476b9e8d0595d4bdfbb2/8.8.4/lib'
libexecdir='/run/media/saksham/Documents/Haskell/Project/PacketSniffer/pcap-0.4.5.2/.stack-work/install/x86_64-linux-tinfo6/6c803ed9cbfb426f3944f37ee56d6d435aacf686604d476b9e8d0595d4bdfbb2/8.8.4/libexec'
localedir='${datarootdir}/locale'
localstatedir='${prefix}/var'
mandir='${datarootdir}/man'
oldincludedir='/usr/include'
pdfdir='${docdir}'
prefix='/usr/local'
program_transform_name='s,x,x,'
psdir='${docdir}'
sbindir='${exec_prefix}/sbin'
sharedstatedir='${prefix}/com'
sysconfdir='/run/media/saksham/Documents/Haskell/Project/PacketSniffer/pcap-0.4.5.2/.stack-work/install/x86_64-linux-tinfo6/6c803ed9cbfb426f3944f37ee56d6d435aacf686604d476b9e8d0595d4bdfbb2/8.8.4/etc'
target_alias=''

## ----------- ##
## confdefs.h. ##
## ----------- ##

/* confdefs.h */
#define PACKAGE_NAME "Pcap"
#define PACKAGE_TARNAME "pcap"
#define PACKAGE_VERSION "0.4.5.1"
#define PACKAGE_STRING "Pcap 0.4.5.1"
#define PACKAGE_BUGREPORT "bos@serpentine.com"
#define PACKAGE_URL ""
#define STDC_HEADERS 1
#define HAVE_SYS_TYPES_H 1
#define HAVE_SYS_STAT_H 1
#define HAVE_STDLIB_H 1
#define HAVE_STRING_H 1
#define HAVE_MEMORY_H 1
#define HAVE_STRINGS_H 1
#define HAVE_INTTYPES_H 1
#define HAVE_STDINT_H 1
#define HAVE_UNISTD_H 1

configure: exit 0
